<?xml version="1.0" encoding="UTF-8"?>
<testng-results skipped="0" failed="0" ignored="0" total="5" passed="5">
  <reporter-output>
  </reporter-output>
  <suite name="Default suite" duration-ms="702582" started-at="2020-08-19T21:08:15 IST" finished-at="2020-08-19T21:19:58 IST">
    <groups>
    </groups>
    <test name="Default test" duration-ms="702582" started-at="2020-08-19T21:08:15 IST" finished-at="2020-08-19T21:19:58 IST">
      <class name="com.training.tests.KhanAcademyTCs">
        <test-method status="PASS" signature="beforeTest()[pri:0, instance:com.training.tests.KhanAcademyTCs@50d0686]" name="beforeTest" is-config="true" duration-ms="30817" started-at="2020-08-19T21:08:16 IST" finished-at="2020-08-19T21:08:46 IST">
          <reporter-output>
          </reporter-output>
        </test-method> <!-- beforeTest -->
        <test-method status="PASS" signature="LoginTC01()[pri:0, instance:com.training.tests.KhanAcademyTCs@50d0686]" name="LoginTC01" duration-ms="40852" started-at="2020-08-19T21:08:46 IST" finished-at="2020-08-19T21:09:27 IST">
          <reporter-output>
          </reporter-output>
        </test-method> <!-- LoginTC01 -->
        <test-method status="PASS" signature="SelectCourseTC02()[pri:1, instance:com.training.tests.KhanAcademyTCs@50d0686]" name="SelectCourseTC02" duration-ms="66500" started-at="2020-08-19T21:09:27 IST" depends-on-methods="com.training.tests.KhanAcademyTCs.LoginTC01" finished-at="2020-08-19T21:10:34 IST">
          <reporter-output>
          </reporter-output>
        </test-method> <!-- SelectCourseTC02 -->
        <test-method status="PASS" signature="CourseChallangeTC03()[pri:2, instance:com.training.tests.KhanAcademyTCs@50d0686]" name="CourseChallangeTC03" duration-ms="28126" started-at="2020-08-19T21:10:34 IST" depends-on-methods="com.training.tests.KhanAcademyTCs.LoginTC01" finished-at="2020-08-19T21:11:02 IST">
          <reporter-output>
          </reporter-output>
        </test-method> <!-- CourseChallangeTC03 -->
        <test-method status="PASS" signature="EditCourseTC04()[pri:3, instance:com.training.tests.KhanAcademyTCs@50d0686]" name="EditCourseTC04" duration-ms="37744" started-at="2020-08-19T21:11:02 IST" depends-on-methods="com.training.tests.KhanAcademyTCs.LoginTC01" finished-at="2020-08-19T21:11:40 IST">
          <reporter-output>
          </reporter-output>
        </test-method> <!-- EditCourseTC04 -->
        <test-method status="PASS" signature="SignoutTC05()[pri:4, instance:com.training.tests.KhanAcademyTCs@50d0686]" name="SignoutTC05" duration-ms="18090" started-at="2020-08-19T21:11:40 IST" depends-on-methods="com.training.tests.KhanAcademyTCs.LoginTC01" finished-at="2020-08-19T21:11:58 IST">
          <reporter-output>
          </reporter-output>
        </test-method> <!-- SignoutTC05 -->
        <test-method status="FAIL" signature="afterTest()[pri:0, instance:com.training.tests.KhanAcademyTCs@50d0686]" name="afterTest" is-config="true" duration-ms="480327" started-at="2020-08-19T21:11:58 IST" finished-at="2020-08-19T21:19:58 IST">
          <exception class="org.openqa.selenium.WebDriverException">
            <message>
              <![CDATA[An unknown server-side error occurred while processing the command. Original error: Could not proxy. Proxy error: Could not proxy command to remote server. Original error: Error: ESOCKETTIMEDOUT
Build info: version: '3.141.59', revision: 'e82be7d358', time: '2018-11-14T08:17:03'
System info: host: 'AKAMANA1', ip: '127.0.0.1', os.name: 'Windows 10', os.arch: 'amd64', os.version: '10.0', java.version: '1.8.0_201'
Driver info: io.appium.java_client.android.AndroidDriver
Capabilities {appActivity: org.khanacademy.android.ui...., appPackage: org.khanacademy.android, chromedriverExecutable: C:\Users\AkshathaKamanahall..., databaseEnabled: false, desired: {appActivity: org.khanacademy.android.ui...., appPackage: org.khanacademy.android, chromedriverExecutable: C:\Users\AkshathaKamanahall..., deviceName: Akshatha Android, platformName: android}, deviceApiLevel: 26, deviceManufacturer: Google, deviceModel: Android SDK built for x86, deviceName: emulator-5554, deviceScreenDensity: 440, deviceScreenSize: 1080x2220, deviceUDID: emulator-5554, javascriptEnabled: true, locationContextEnabled: false, networkConnectionEnabled: true, pixelRatio: 2.75, platform: LINUX, platformName: Android, platformVersion: 8.0.0, statBarHeight: 66, takesScreenshot: true, viewportRect: {height: 2022, left: 0, top: 66, width: 1080}, warnings: {}, webStorageEnabled: false}
Session ID: 9363798f-16c4-496a-a558-c13290073ec7]]>
            </message>
            <full-stacktrace>
              <![CDATA[org.openqa.selenium.WebDriverException: An unknown server-side error occurred while processing the command. Original error: Could not proxy. Proxy error: Could not proxy command to remote server. Original error: Error: ESOCKETTIMEDOUT
Build info: version: '3.141.59', revision: 'e82be7d358', time: '2018-11-14T08:17:03'
System info: host: 'AKAMANA1', ip: '127.0.0.1', os.name: 'Windows 10', os.arch: 'amd64', os.version: '10.0', java.version: '1.8.0_201'
Driver info: io.appium.java_client.android.AndroidDriver
Capabilities {appActivity: org.khanacademy.android.ui...., appPackage: org.khanacademy.android, chromedriverExecutable: C:\Users\AkshathaKamanahall..., databaseEnabled: false, desired: {appActivity: org.khanacademy.android.ui...., appPackage: org.khanacademy.android, chromedriverExecutable: C:\Users\AkshathaKamanahall..., deviceName: Akshatha Android, platformName: android}, deviceApiLevel: 26, deviceManufacturer: Google, deviceModel: Android SDK built for x86, deviceName: emulator-5554, deviceScreenDensity: 440, deviceScreenSize: 1080x2220, deviceUDID: emulator-5554, javascriptEnabled: true, locationContextEnabled: false, networkConnectionEnabled: true, pixelRatio: 2.75, platform: LINUX, platformName: Android, platformVersion: 8.0.0, statBarHeight: 66, takesScreenshot: true, viewportRect: {height: 2022, left: 0, top: 66, width: 1080}, warnings: {}, webStorageEnabled: false}
Session ID: 9363798f-16c4-496a-a558-c13290073ec7
at sun.reflect.NativeConstructorAccessorImpl.newInstance0(Native Method)
at sun.reflect.NativeConstructorAccessorImpl.newInstance(Unknown Source)
at sun.reflect.DelegatingConstructorAccessorImpl.newInstance(Unknown Source)
at java.lang.reflect.Constructor.newInstance(Unknown Source)
at org.openqa.selenium.remote.http.W3CHttpResponseCodec.createException(W3CHttpResponseCodec.java:187)
at org.openqa.selenium.remote.http.W3CHttpResponseCodec.decode(W3CHttpResponseCodec.java:122)
at org.openqa.selenium.remote.http.W3CHttpResponseCodec.decode(W3CHttpResponseCodec.java:49)
at org.openqa.selenium.remote.HttpCommandExecutor.execute(HttpCommandExecutor.java:158)
at io.appium.java_client.remote.AppiumCommandExecutor.execute(AppiumCommandExecutor.java:239)
at org.openqa.selenium.remote.RemoteWebDriver.execute(RemoteWebDriver.java:552)
at io.appium.java_client.DefaultGenericMobileDriver.execute(DefaultGenericMobileDriver.java:45)
at io.appium.java_client.AppiumDriver.execute(AppiumDriver.java:1)
at io.appium.java_client.android.AndroidDriver.execute(AndroidDriver.java:1)
at org.openqa.selenium.remote.RemoteWebDriver.close(RemoteWebDriver.java:442)
at com.training.tests.KhanAcademyTCs.afterTest(KhanAcademyTCs.java:130)
at sun.reflect.NativeMethodAccessorImpl.invoke0(Native Method)
at sun.reflect.NativeMethodAccessorImpl.invoke(Unknown Source)
at sun.reflect.DelegatingMethodAccessorImpl.invoke(Unknown Source)
at java.lang.reflect.Method.invoke(Unknown Source)
at org.testng.internal.MethodInvocationHelper.invokeMethod(MethodInvocationHelper.java:135)
at org.testng.internal.MethodInvocationHelper.invokeMethodConsideringTimeout(MethodInvocationHelper.java:64)
at org.testng.internal.ConfigInvoker.invokeConfigurationMethod(ConfigInvoker.java:364)
at org.testng.internal.ConfigInvoker.invokeConfigurations(ConfigInvoker.java:318)
at org.testng.TestRunner.invokeTestConfigurations(TestRunner.java:620)
at org.testng.TestRunner.afterRun(TestRunner.java:850)
at org.testng.TestRunner.run(TestRunner.java:591)
at org.testng.SuiteRunner.runTest(SuiteRunner.java:384)
at org.testng.SuiteRunner.runSequentially(SuiteRunner.java:378)
at org.testng.SuiteRunner.privateRun(SuiteRunner.java:337)
at org.testng.SuiteRunner.run(SuiteRunner.java:286)
at org.testng.SuiteRunnerWorker.runSuite(SuiteRunnerWorker.java:53)
at org.testng.SuiteRunnerWorker.run(SuiteRunnerWorker.java:96)
at org.testng.TestNG.runSuitesSequentially(TestNG.java:1214)
at org.testng.TestNG.runSuitesLocally(TestNG.java:1136)
at org.testng.TestNG.runSuites(TestNG.java:1066)
at org.testng.TestNG.run(TestNG.java:1034)
at org.testng.remote.AbstractRemoteTestNG.run(AbstractRemoteTestNG.java:115)
at org.testng.remote.RemoteTestNG.initAndRun(RemoteTestNG.java:251)
at org.testng.remote.RemoteTestNG.main(RemoteTestNG.java:77)
]]>
            </full-stacktrace>
          </exception> <!-- org.openqa.selenium.WebDriverException -->
          <reporter-output>
          </reporter-output>
        </test-method> <!-- afterTest -->
      </class> <!-- com.training.tests.KhanAcademyTCs -->
    </test> <!-- Default test -->
  </suite> <!-- Default suite -->
</testng-results>
